Determining if the Q_WS_WIN exist failed with the following output:
Change Dir: /home/rolf/roboteamtwente/grSim/cmake-build-debug/CMakeFiles/CMakeTmp

Run Build Command:"/usr/bin/make" "cmTC_f1e99/fast"
/usr/bin/make -f CMakeFiles/cmTC_f1e99.dir/build.make CMakeFiles/cmTC_f1e99.dir/build
make[1]: Entering directory '/home/rolf/roboteamtwente/grSim/cmake-build-debug/CMakeFiles/CMakeTmp'
Building CXX object CMakeFiles/cmTC_f1e99.dir/CheckSymbolExists.cxx.o
/usr/bin/c++   -I/usr/include/qt4  -std=c++03    -o CMakeFiles/cmTC_f1e99.dir/CheckSymbolExists.cxx.o -c /home/rolf/roboteamtwente/grSim/cmake-build-debug/CMakeFiles/CMakeTmp/CheckSymbolExists.cxx
/home/rolf/roboteamtwente/grSim/cmake-build-debug/CMakeFiles/CMakeTmp/CheckSymbolExists.cxx: In function ‘int main(int, char**)’:
/home/rolf/roboteamtwente/grSim/cmake-build-debug/CMakeFiles/CMakeTmp/CheckSymbolExists.cxx:8:19: error: ‘Q_WS_WIN’ was not declared in this scope
   return ((int*)(&Q_WS_WIN))[argc];
                   ^~~~~~~~
/home/rolf/roboteamtwente/grSim/cmake-build-debug/CMakeFiles/CMakeTmp/CheckSymbolExists.cxx:8:19: note: suggested alternative: ‘Q_WS_X11’
   return ((int*)(&Q_WS_WIN))[argc];
                   ^~~~~~~~
                   Q_WS_X11
CMakeFiles/cmTC_f1e99.dir/build.make:65: recipe for target 'CMakeFiles/cmTC_f1e99.dir/CheckSymbolExists.cxx.o' failed
make[1]: *** [CMakeFiles/cmTC_f1e99.dir/CheckSymbolExists.cxx.o] Error 1
make[1]: Leaving directory '/home/rolf/roboteamtwente/grSim/cmake-build-debug/CMakeFiles/CMakeTmp'
Makefile:121: recipe for target 'cmTC_f1e99/fast' failed
make: *** [cmTC_f1e99/fast] Error 2

File /home/rolf/roboteamtwente/grSim/cmake-build-debug/CMakeFiles/CMakeTmp/CheckSymbolExists.cxx:
/* */
#include <QtCore/qglobal.h>

int main(int argc, char** argv)
{
  (void)argv;
#ifndef Q_WS_WIN
  return ((int*)(&Q_WS_WIN))[argc];
#else
  (void)argc;
  return 0;
#endif
}

Determining if the Q_WS_QWS exist failed with the following output:
Change Dir: /home/rolf/roboteamtwente/grSim/cmake-build-debug/CMakeFiles/CMakeTmp

Run Build Command:"/usr/bin/make" "cmTC_10f23/fast"
/usr/bin/make -f CMakeFiles/cmTC_10f23.dir/build.make CMakeFiles/cmTC_10f23.dir/build
make[1]: Entering directory '/home/rolf/roboteamtwente/grSim/cmake-build-debug/CMakeFiles/CMakeTmp'
Building CXX object CMakeFiles/cmTC_10f23.dir/CheckSymbolExists.cxx.o
/usr/bin/c++   -I/usr/include/qt4  -std=c++03    -o CMakeFiles/cmTC_10f23.dir/CheckSymbolExists.cxx.o -c /home/rolf/roboteamtwente/grSim/cmake-build-debug/CMakeFiles/CMakeTmp/CheckSymbolExists.cxx
/home/rolf/roboteamtwente/grSim/cmake-build-debug/CMakeFiles/CMakeTmp/CheckSymbolExists.cxx: In function ‘int main(int, char**)’:
/home/rolf/roboteamtwente/grSim/cmake-build-debug/CMakeFiles/CMakeTmp/CheckSymbolExists.cxx:8:19: error: ‘Q_WS_QWS’ was not declared in this scope
   return ((int*)(&Q_WS_QWS))[argc];
                   ^~~~~~~~
/home/rolf/roboteamtwente/grSim/cmake-build-debug/CMakeFiles/CMakeTmp/CheckSymbolExists.cxx:8:19: note: suggested alternative: ‘Q_WS_X11’
   return ((int*)(&Q_WS_QWS))[argc];
                   ^~~~~~~~
                   Q_WS_X11
CMakeFiles/cmTC_10f23.dir/build.make:65: recipe for target 'CMakeFiles/cmTC_10f23.dir/CheckSymbolExists.cxx.o' failed
make[1]: *** [CMakeFiles/cmTC_10f23.dir/CheckSymbolExists.cxx.o] Error 1
make[1]: Leaving directory '/home/rolf/roboteamtwente/grSim/cmake-build-debug/CMakeFiles/CMakeTmp'
Makefile:121: recipe for target 'cmTC_10f23/fast' failed
make: *** [cmTC_10f23/fast] Error 2

File /home/rolf/roboteamtwente/grSim/cmake-build-debug/CMakeFiles/CMakeTmp/CheckSymbolExists.cxx:
/* */
#include <QtCore/qglobal.h>

int main(int argc, char** argv)
{
  (void)argv;
#ifndef Q_WS_QWS
  return ((int*)(&Q_WS_QWS))[argc];
#else
  (void)argc;
  return 0;
#endif
}

Determining if the Q_WS_MAC exist failed with the following output:
Change Dir: /home/rolf/roboteamtwente/grSim/cmake-build-debug/CMakeFiles/CMakeTmp

Run Build Command:"/usr/bin/make" "cmTC_ce94f/fast"
/usr/bin/make -f CMakeFiles/cmTC_ce94f.dir/build.make CMakeFiles/cmTC_ce94f.dir/build
make[1]: Entering directory '/home/rolf/roboteamtwente/grSim/cmake-build-debug/CMakeFiles/CMakeTmp'
Building CXX object CMakeFiles/cmTC_ce94f.dir/CheckSymbolExists.cxx.o
/usr/bin/c++   -I/usr/include/qt4  -std=c++03    -o CMakeFiles/cmTC_ce94f.dir/CheckSymbolExists.cxx.o -c /home/rolf/roboteamtwente/grSim/cmake-build-debug/CMakeFiles/CMakeTmp/CheckSymbolExists.cxx
/home/rolf/roboteamtwente/grSim/cmake-build-debug/CMakeFiles/CMakeTmp/CheckSymbolExists.cxx: In function ‘int main(int, char**)’:
/home/rolf/roboteamtwente/grSim/cmake-build-debug/CMakeFiles/CMakeTmp/CheckSymbolExists.cxx:8:19: error: ‘Q_WS_MAC’ was not declared in this scope
   return ((int*)(&Q_WS_MAC))[argc];
                   ^~~~~~~~
/home/rolf/roboteamtwente/grSim/cmake-build-debug/CMakeFiles/CMakeTmp/CheckSymbolExists.cxx:8:19: note: suggested alternative: ‘Q_WS_X11’
   return ((int*)(&Q_WS_MAC))[argc];
                   ^~~~~~~~
                   Q_WS_X11
CMakeFiles/cmTC_ce94f.dir/build.make:65: recipe for target 'CMakeFiles/cmTC_ce94f.dir/CheckSymbolExists.cxx.o' failed
make[1]: *** [CMakeFiles/cmTC_ce94f.dir/CheckSymbolExists.cxx.o] Error 1
make[1]: Leaving directory '/home/rolf/roboteamtwente/grSim/cmake-build-debug/CMakeFiles/CMakeTmp'
Makefile:121: recipe for target 'cmTC_ce94f/fast' failed
make: *** [cmTC_ce94f/fast] Error 2

File /home/rolf/roboteamtwente/grSim/cmake-build-debug/CMakeFiles/CMakeTmp/CheckSymbolExists.cxx:
/* */
#include <QtCore/qglobal.h>

int main(int argc, char** argv)
{
  (void)argv;
#ifndef Q_WS_MAC
  return ((int*)(&Q_WS_MAC))[argc];
#else
  (void)argc;
  return 0;
#endif
}

Determining if the pthread_create exist failed with the following output:
Change Dir: /home/rolf/roboteamtwente/grSim/cmake-build-debug/CMakeFiles/CMakeTmp

Run Build Command:"/usr/bin/make" "cmTC_19c91/fast"
/usr/bin/make -f CMakeFiles/cmTC_19c91.dir/build.make CMakeFiles/cmTC_19c91.dir/build
make[1]: Entering directory '/home/rolf/roboteamtwente/grSim/cmake-build-debug/CMakeFiles/CMakeTmp'
Building C object CMakeFiles/cmTC_19c91.dir/CheckSymbolExists.c.o
/usr/bin/cc    -o CMakeFiles/cmTC_19c91.dir/CheckSymbolExists.c.o   -c /home/rolf/roboteamtwente/grSim/cmake-build-debug/CMakeFiles/CMakeTmp/CheckSymbolExists.c
Linking C executable cmTC_19c91
/opt/clion-2018.2.5/bin/cmake/linux/bin/cmake -E cmake_link_script CMakeFiles/cmTC_19c91.dir/link.txt --verbose=1
/usr/bin/cc      -rdynamic CMakeFiles/cmTC_19c91.dir/CheckSymbolExists.c.o  -o cmTC_19c91 
CMakeFiles/cmTC_19c91.dir/CheckSymbolExists.c.o: In function `main':
CheckSymbolExists.c:(.text+0x1b): undefined reference to `pthread_create'
collect2: error: ld returned 1 exit status
CMakeFiles/cmTC_19c91.dir/build.make:86: recipe for target 'cmTC_19c91' failed
make[1]: *** [cmTC_19c91] Error 1
make[1]: Leaving directory '/home/rolf/roboteamtwente/grSim/cmake-build-debug/CMakeFiles/CMakeTmp'
Makefile:121: recipe for target 'cmTC_19c91/fast' failed
make: *** [cmTC_19c91/fast] Error 2

File /home/rolf/roboteamtwente/grSim/cmake-build-debug/CMakeFiles/CMakeTmp/CheckSymbolExists.c:
/* */
#include <pthread.h>

int main(int argc, char** argv)
{
  (void)argv;
#ifndef pthread_create
  return ((int*)(&pthread_create))[argc];
#else
  (void)argc;
  return 0;
#endif
}

Determining if the function pthread_create exists in the pthreads failed with the following output:
Change Dir: /home/rolf/roboteamtwente/grSim/cmake-build-debug/CMakeFiles/CMakeTmp

Run Build Command:"/usr/bin/make" "cmTC_ac30b/fast"
/usr/bin/make -f CMakeFiles/cmTC_ac30b.dir/build.make CMakeFiles/cmTC_ac30b.dir/build
make[1]: Entering directory '/home/rolf/roboteamtwente/grSim/cmake-build-debug/CMakeFiles/CMakeTmp'
Building C object CMakeFiles/cmTC_ac30b.dir/CheckFunctionExists.c.o
/usr/bin/cc   -DCHECK_FUNCTION_EXISTS=pthread_create   -o CMakeFiles/cmTC_ac30b.dir/CheckFunctionExists.c.o   -c /opt/clion-2018.2.5/bin/cmake/linux/share/cmake-3.12/Modules/CheckFunctionExists.c
Linking C executable cmTC_ac30b
/opt/clion-2018.2.5/bin/cmake/linux/bin/cmake -E cmake_link_script CMakeFiles/cmTC_ac30b.dir/link.txt --verbose=1
/usr/bin/cc  -DCHECK_FUNCTION_EXISTS=pthread_create    -rdynamic CMakeFiles/cmTC_ac30b.dir/CheckFunctionExists.c.o  -o cmTC_ac30b -lpthreads 
/usr/bin/ld: cannot find -lpthreads
collect2: error: ld returned 1 exit status
CMakeFiles/cmTC_ac30b.dir/build.make:86: recipe for target 'cmTC_ac30b' failed
make[1]: *** [cmTC_ac30b] Error 1
make[1]: Leaving directory '/home/rolf/roboteamtwente/grSim/cmake-build-debug/CMakeFiles/CMakeTmp'
Makefile:121: recipe for target 'cmTC_ac30b/fast' failed
make: *** [cmTC_ac30b/fast] Error 2


